{"level":"info","msg":"POST localhost:3000/api/v1/create_user HTTP/1.1 \n","time":"2020-10-27T17:06:14+07:00"}
{"level":"info","msg":"POST localhost:3000/api/v1/create_user HTTP/1.1 \n","time":"2020-10-27T17:08:28+07:00"}
{"level":"info","msg":"GET localhost:3000/api/v1/getusers HTTP/1.1 \n","time":"2020-10-27T17:09:15+07:00"}
{"level":"info","msg":"GET localhost:3000/api/v1/get_user/1 HTTP/1.1 \n","time":"2020-10-27T17:09:23+07:00"}
{"level":"info","msg":"GET localhost:3000/api/v1/get_user/2 HTTP/1.1 \n","time":"2020-10-27T17:09:27+07:00"}
{"level":"info","msg":"PUT localhost:3000/api/v1/update_user/1 HTTP/1.1 \n","time":"2020-10-27T17:09:51+07:00"}
{"level":"info","msg":"DELETE localhost:3000/api/v1/delete_user/2 HTTP/1.1 \n","time":"2020-10-27T17:10:07+07:00"}
{"level":"info","msg":"GET localhost:3000/api/v1/getproducts HTTP/1.1 \n","time":"2020-10-27T17:10:40+07:00"}
{"level":"info","msg":"GET localhost:3000/api/v1/get_product/1 HTTP/1.1 \n","time":"2020-10-27T17:10:58+07:00"}
{"level":"info","msg":"POST localhost:3000/api/v1/create_product HTTP/1.1 \n","time":"2020-10-27T17:11:57+07:00"}
{"level":"info","msg":"PUT localhost:3000/api/v1/update_product/3 HTTP/1.1 \n","time":"2020-10-27T17:13:06+07:00"}
{"level":"info","msg":"DELETE localhost:3000/api/v1/delete_product/3 HTTP/1.1 \n","time":"2020-10-27T17:13:44+07:00"}
{"level":"info","msg":"POST localhost:3000/api/v1/signin HTTP/1.1 \n","time":"2020-10-27T17:14:59+07:00"}
{"level":"info","msg":"POST localhost:3000/api/v1/signin HTTP/1.1 \n","time":"2020-10-27T17:15:02+07:00"}
{"level":"info","msg":"POST localhost:3000/api/v1/signin HTTP/1.1 \n","time":"2020-10-27T17:15:09+07:00"}
{"level":"info","msg":"POST localhost:3000/api/v1/signin HTTP/1.1 \n","time":"2020-10-27T17:17:34+07:00"}
{"level":"info","msg":"GET localhost:3000/api/v1/getusers HTTP/1.1 \n","time":"2020-10-27T17:17:44+07:00"}
{"level":"info","msg":"GET localhost:3000/api/v1/getusers HTTP/1.1 \n","time":"2020-10-27T17:18:25+07:00"}
{"level":"info","msg":"GET localhost:3000/api/v1/getusers HTTP/1.1 \n","time":"2020-10-27T17:18:58+07:00"}
{"level":"info","msg":"GET localhost:3000/api/v1/getusers HTTP/1.1 \n","time":"2020-10-27T17:19:13+07:00"}
{"level":"info","msg":"GET localhost:3000/api/v1/getproducts HTTP/1.1 \n","time":"2020-10-27T17:19:59+07:00"}
{"level":"info","msg":"GET localhost:3000/api/v1/getproducts HTTP/1.1 \n","time":"2020-10-27T17:20:04+07:00"}
